0 info it worked if it ends with ok
1 verbose cli [ '/home/jsmadja/.nvm/versions/node/v6.14.4/bin/node',
1 verbose cli   '/home/jsmadja/.nvm/versions/node/v6.14.4/bin/npm',
1 verbose cli   'run',
1 verbose cli   'deploy' ]
2 info using npm@3.10.10
3 info using node@v6.14.4
4 verbose run-script [ 'predeploy', 'deploy', 'postdeploy' ]
5 info lifecycle functions@~predeploy: functions@
6 silly lifecycle functions@~predeploy: no script for predeploy, continuing
7 info lifecycle functions@~deploy: functions@
8 verbose lifecycle functions@~deploy: unsafe-perm in lifecycle true
9 verbose lifecycle functions@~deploy: PATH: /home/jsmadja/.nvm/versions/node/v6.14.4/lib/node_modules/npm/bin/node-gyp-bin:/home/jsmadja/Xebia/Development/FirebaseFunctionToDo/node_modules/.bin:/home/jsmadja/.nvm/versions/node/v6.14.4/bin:/usr/local/sbin:/usr/local/bin:/usr/sbin:/usr/bin:/sbin:/bin:/usr/games:/usr/local/games:/snap/bin
10 verbose lifecycle functions@~deploy: CWD: /home/jsmadja/Xebia/Development/FirebaseFunctionToDo
11 silly lifecycle functions@~deploy: Args: [ '-c', 'firebase deploy --only functions' ]
12 silly lifecycle functions@~deploy: Returned: code: 1  signal: null
13 info lifecycle functions@~deploy: Failed to exec deploy script
14 verbose stack Error: functions@ deploy: `firebase deploy --only functions`
14 verbose stack Exit status 1
14 verbose stack     at EventEmitter.<anonymous> (/home/jsmadja/.nvm/versions/node/v6.14.4/lib/node_modules/npm/lib/utils/lifecycle.js:255:16)
14 verbose stack     at emitTwo (events.js:106:13)
14 verbose stack     at EventEmitter.emit (events.js:191:7)
14 verbose stack     at ChildProcess.<anonymous> (/home/jsmadja/.nvm/versions/node/v6.14.4/lib/node_modules/npm/lib/utils/spawn.js:40:14)
14 verbose stack     at emitTwo (events.js:106:13)
14 verbose stack     at ChildProcess.emit (events.js:191:7)
14 verbose stack     at maybeClose (internal/child_process.js:920:16)
14 verbose stack     at Process.ChildProcess._handle.onexit (internal/child_process.js:230:5)
15 verbose pkgid functions@
16 verbose cwd /home/jsmadja/Xebia/Development/FirebaseFunctionToDo
17 error Linux 4.15.0-34-generic
18 error argv "/home/jsmadja/.nvm/versions/node/v6.14.4/bin/node" "/home/jsmadja/.nvm/versions/node/v6.14.4/bin/npm" "run" "deploy"
19 error node v6.14.4
20 error npm  v3.10.10
21 error code ELIFECYCLE
22 error functions@ deploy: `firebase deploy --only functions`
22 error Exit status 1
23 error Failed at the functions@ deploy script 'firebase deploy --only functions'.
23 error Make sure you have the latest version of node.js and npm installed.
23 error If you do, this is most likely a problem with the functions package,
23 error not with npm itself.
23 error Tell the author that this fails on your system:
23 error     firebase deploy --only functions
23 error You can get information on how to open an issue for this project with:
23 error     npm bugs functions
23 error Or if that isn't available, you can get their info via:
23 error     npm owner ls functions
23 error There is likely additional logging output above.
24 verbose exit [ 1, true ]
